#
# A fatal error has been detected by the Java Runtime Environment:
#
#  SIGSEGV (0xb) at pc=0x00007f0a6780c231, pid=46415, tid=46527
#
# JRE version: OpenJDK Runtime Environment (14.0.2+12) (build 14.0.2+12-46)
# Java VM: OpenJDK 64-Bit Server VM (14.0.2+12-46, mixed mode, sharing, tiered, compressed oops, g1 gc, linux-amd64)
# Problematic frame:
# C  [libjimage.so+0x4231]  ImageStrings::find(Endian*, char const*, int*, unsigned int)+0x71
#
# Core dump will be written. Default location: Core dumps may be processed with "/usr/share/apport/apport %p %s %c %d %P %E" (or dumping to /home/daixuan/Documents/Workspace/Java/1.16.3-mdk/core.46415)
#
# If you would like to submit a bug report, please visit:
#   https://bugreport.java.com/bugreport/crash.jsp
#

---------------  S U M M A R Y ------------

Command Line: -agentlib:jdwp=transport=dt_socket,server=n,suspend=y,address=127.0.0.1:45549 --add-opens=java.base/java.util=ALL-UNNAMED -Xmx3G -Dfile.encoding=UTF-8 -Duser.country=US -Duser.language=en -Duser.variant org.gradle.launcher.daemon.bootstrap.GradleDaemon 4.10.3

Host: Intel(R) Core(TM) i7-4790 CPU @ 3.60GHz, 8 cores, 7G, Ubuntu 20.04.1 LTS
Time: Wed Oct  7 23:27:38 2020 CST elapsed time: 1299 seconds (0d 0h 21m 39s)

---------------  T H R E A D  ---------------

Current thread (0x00007f096800e000):  JavaThread "Exec process Thread 3" [_thread_in_vm, id=46527, stack(0x00007f093feff000,0x00007f0940000000)]

Stack: [0x00007f093feff000,0x00007f0940000000],  sp=0x00007f093fffc720,  free space=1013k
Native frames: (J=compiled Java code, A=aot compiled Java code, j=interpreted, Vv=VM code, C=native code)
C  [libjimage.so+0x4231]  ImageStrings::find(Endian*, char const*, int*, unsigned int)+0x71
C  [libjimage.so+0x4d7a]  ImageFileReader::find_location_index(char const*, unsigned long long*) const+0x3a
C  [libjimage.so+0x5271]  JIMAGE_FindResource+0xf1
V  [libjvm.so+0x50f473]